<?xml version="1.0" encoding="UTF-8"?>
<!-- Generated by org.testng.reporters.JUnitReportReporter -->
<testsuite hostname="DESKTOP-VJHELDM" failures="0" tests="1" name="hello_world.Demo1" time="7.912" errors="0" timestamp="2021-11-12T22:46:13 IST" skipped="0">
  <testcase classname="hello_world.Demo1" name="test1" time="7.912"/>
  <system-out/>
</testsuite> <!-- hello_world.Demo1 -->
