<?xml version="1.0" encoding="UTF-8"?>
<!-- Generated by org.testng.reporters.JUnitReportReporter -->
<testsuite hostname="DESKTOP-VJHELDM" failures="0" tests="2"
	name="hello_world.Test1" time="44.693" errors="0"
	timestamp="2021-11-11T13:40:37 IST" skipped="0">
	<testcase classname="hello_world.Test1" name="VerifyPageTitle"
		time="29.025" />
	<system-out />
	<testcase classname="hello_world.Test1" name="VerifyPageTitle"
		time="15.668" />
	<system-out />
</testsuite> <!-- hello_world.Test1 -->
